[debug] [2017-09-08T22:56:57.126Z] ----------------------------------------------------------------------
[debug] [2017-09-08T22:56:57.129Z] Command:       /usr/local/bin/node /usr/local/bin/firebase database:push /{
[debug] [2017-09-08T22:56:57.129Z] CLI Version:   3.10.0
[debug] [2017-09-08T22:56:57.130Z] Platform:      darwin
[debug] [2017-09-08T22:56:57.130Z] Node Version:  v6.11.3
[debug] [2017-09-08T22:56:57.131Z] Time:          Fri Sep 08 2017 17:56:57 GMT-0500 (CDT)
[debug] [2017-09-08T22:56:57.131Z] ----------------------------------------------------------------------
[debug] 
[debug] [2017-09-08T22:56:57.147Z] > command requires scopes: ["email","openid","https://www.googleapis.com/auth/cloudplatformprojects.readonly","https://www.googleapis.com/auth/firebase"]
[debug] [2017-09-08T22:56:57.147Z] > authorizing via signed-in user
[debug] [2017-09-08T22:56:57.151Z] >>> HTTP REQUEST GET https://admin.firebase.com/v1/projects/plantslocale  
 Fri Sep 08 2017 17:56:57 GMT-0500 (CDT)
[debug] [2017-09-08T22:56:57.588Z] <<< HTTP RESPONSE 200
[debug] [2017-09-08T22:56:57.589Z] >>> HTTP REQUEST GET https://admin.firebase.com/v1/database/plantslocale/tokens  
 Fri Sep 08 2017 17:56:57 GMT-0500 (CDT)
[debug] [2017-09-08T22:56:57.995Z] <<< HTTP RESPONSE 200
[info] Note: Reading STDIN. Type JSON data and then press Ctrl-D
[debug] [2017-09-11T16:12:48.896Z] ----------------------------------------------------------------------
[debug] [2017-09-11T16:12:48.899Z] Command:       /usr/local/bin/node /usr/local/bin/firebase init
[debug] [2017-09-11T16:12:48.899Z] CLI Version:   3.10.1
[debug] [2017-09-11T16:12:48.899Z] Platform:      darwin
[debug] [2017-09-11T16:12:48.899Z] Node Version:  v6.11.3
[debug] [2017-09-11T16:12:48.900Z] Time:          Mon Sep 11 2017 11:12:48 GMT-0500 (CDT)
[debug] [2017-09-11T16:12:48.900Z] ----------------------------------------------------------------------
[debug] 
[debug] [2017-09-11T16:12:48.918Z] > command requires scopes: ["email","openid","https://www.googleapis.com/auth/cloudplatformprojects.readonly","https://www.googleapis.com/auth/firebase"]
[debug] [2017-09-11T16:12:48.918Z] > authorizing via signed-in user
[info] 
     🔥🔥🔥🔥🔥🔥🔥🔥 🔥🔥🔥🔥 🔥🔥🔥🔥🔥🔥🔥🔥  🔥🔥🔥🔥🔥🔥🔥🔥 🔥🔥🔥🔥🔥🔥🔥🔥     🔥🔥🔥     🔥🔥🔥🔥🔥🔥  🔥🔥🔥🔥🔥🔥🔥🔥
     🔥🔥        🔥🔥  🔥🔥     🔥🔥 🔥🔥       🔥🔥     🔥🔥  🔥🔥   🔥🔥  🔥🔥       🔥🔥
     🔥🔥🔥🔥🔥🔥    🔥🔥  🔥🔥🔥🔥🔥🔥🔥🔥  🔥🔥🔥🔥🔥🔥   🔥🔥🔥🔥🔥🔥🔥🔥  🔥🔥🔥🔥🔥🔥🔥🔥🔥  🔥🔥🔥🔥🔥🔥  🔥🔥🔥🔥🔥🔥
     🔥🔥        🔥🔥  🔥🔥    🔥🔥  🔥🔥       🔥🔥     🔥🔥 🔥🔥     🔥🔥       🔥🔥 🔥🔥
     🔥🔥       🔥🔥🔥🔥 🔥🔥     🔥🔥 🔥🔥🔥🔥🔥🔥🔥🔥 🔥🔥🔥🔥🔥🔥🔥🔥  🔥🔥     🔥🔥  🔥🔥🔥🔥🔥🔥  🔥🔥🔥🔥🔥🔥🔥🔥

You're about to initialize a Firebase project in this directory:

  /Users/peach/devmountain/personalProjects/plants

[info] 
=== Project Setup
[info] 
[info] First, let's associate this project directory with a Firebase project.
[info] You can create multiple project aliases by running firebase use --add, 
[info] but for now we'll just set up a default project.
[info] 
[debug] [2017-09-11T16:13:21.689Z] > refreshing access token with scopes: ["email","https://www.googleapis.com/auth/cloudplatformprojects.readonly","https://www.googleapis.com/auth/firebase","openid"]
[debug] [2017-09-11T16:13:21.690Z] >>> HTTP REQUEST POST https://www.googleapis.com/oauth2/v3/token { refresh_token: '1/HsuJJIf39gPkkLKtkjpBwjLi7EfPBPx7JrpW9xjVzlM',
  client_id: '563584335869-fgrhgmd47bqnekij5i8b5pr03ho849e6.apps.googleusercontent.com',
  client_secret: 'j9iVZfS8kkCEFUPaAeJV0sAi',
  grant_type: 'refresh_token',
  scope: 'email https://www.googleapis.com/auth/cloudplatformprojects.readonly https://www.googleapis.com/auth/firebase openid' } 
 Mon Sep 11 2017 11:13:21 GMT-0500 (CDT)
[debug] [2017-09-11T16:13:21.830Z] <<< HTTP RESPONSE 200
[debug] [2017-09-11T16:13:21.837Z] >>> HTTP REQUEST GET https://admin.firebase.com/v1/projects  
 Mon Sep 11 2017 11:13:21 GMT-0500 (CDT)
[debug] [2017-09-11T16:13:22.392Z] <<< HTTP RESPONSE 200
[info] i  .firebaserc already has a default project, skipping
[info] 
=== Database Setup
[info] 
[info] Firebase Realtime Database Rules allow you to define how your data should be
[info] structured and when your data can be read from and written to.
[info] 
[info] ✔  Database Rules for undefined have been downloaded to database.rules.json.
[info] Future modifications to database.rules.json will update Database Rules when you run
[info] firebase deploy.
[info] 
=== Functions Setup
[info] 
[info] A functions directory will be created in your project with a Node.js
[info] package pre-configured. Functions can be deployed with firebase deploy.
[info] 
[debug] [2017-09-11T16:13:27.569Z] > command requires scopes: ["email","openid","https://www.googleapis.com/auth/cloudplatformprojects.readonly","https://www.googleapis.com/auth/firebase","https://www.googleapis.com/auth/cloud-platform"]
[debug] [2017-09-11T16:13:27.570Z] > authorizing via signed-in user
[debug] [2017-09-11T16:13:27.570Z] > refreshing access token with scopes: ["email","https://www.googleapis.com/auth/cloud-platform","https://www.googleapis.com/auth/cloudplatformprojects.readonly","https://www.googleapis.com/auth/firebase","openid"]
[debug] [2017-09-11T16:13:27.570Z] >>> HTTP REQUEST POST https://www.googleapis.com/oauth2/v3/token { refresh_token: '1/HsuJJIf39gPkkLKtkjpBwjLi7EfPBPx7JrpW9xjVzlM',
  client_id: '563584335869-fgrhgmd47bqnekij5i8b5pr03ho849e6.apps.googleusercontent.com',
  client_secret: 'j9iVZfS8kkCEFUPaAeJV0sAi',
  grant_type: 'refresh_token',
  scope: 'email https://www.googleapis.com/auth/cloud-platform https://www.googleapis.com/auth/cloudplatformprojects.readonly https://www.googleapis.com/auth/firebase openid' } 
 Mon Sep 11 2017 11:13:27 GMT-0500 (CDT)
[debug] [2017-09-11T16:13:27.690Z] <<< HTTP RESPONSE 200
[debug] [2017-09-11T16:13:27.699Z] >>> HTTP REQUEST GET https://admin.firebase.com/v1/projects/plantslocale  
 Mon Sep 11 2017 11:13:27 GMT-0500 (CDT)
[debug] [2017-09-11T16:13:27.975Z] <<< HTTP RESPONSE 200
[debug] [2017-09-11T16:13:27.977Z] >>> HTTP REQUEST GET https://admin.firebase.com/v1/database/plantslocale/tokens  
 Mon Sep 11 2017 11:13:27 GMT-0500 (CDT)
[debug] [2017-09-11T16:13:28.471Z] <<< HTTP RESPONSE 200
[debug] [2017-09-11T16:13:28.473Z] >>> HTTP REQUEST PATCH https://servicemanagement.googleapis.com/v1/services/cloudfunctions.googleapis.com/projectSettings/plantslocale?updateMask=usageSettings { usageSettings: { consumerEnableStatus: 'ENABLED' } } 
 Mon Sep 11 2017 11:13:28 GMT-0500 (CDT)
[debug] [2017-09-11T16:13:28.474Z] >>> HTTP REQUEST PATCH https://servicemanagement.googleapis.com/v1/services/runtimeconfig.googleapis.com/projectSettings/plantslocale?updateMask=usageSettings { usageSettings: { consumerEnableStatus: 'ENABLED' } } 
 Mon Sep 11 2017 11:13:28 GMT-0500 (CDT)
[info] ✔  Wrote functions/package.json
[info] ✔  Wrote functions/index.js
[debug] [2017-09-11T16:13:29.470Z] <<< HTTP RESPONSE 200
[debug] [2017-09-11T16:13:30.622Z] <<< HTTP RESPONSE 200
[info] 
=== Hosting Setup
[info] 
[info] Your public directory is the folder (relative to your project directory) that
[info] will contain Hosting assets to be uploaded with firebase deploy. If you
[info] have a build process for your assets, use your build's output directory.
[info] 
[debug] [2017-09-11T16:13:55.394Z] >>> HTTP REQUEST GET https://www.gstatic.com/firebasejs/releases.json  
 Mon Sep 11 2017 11:13:55 GMT-0500 (CDT)
[debug] [2017-09-11T16:13:55.473Z] <<< HTTP RESPONSE 200
[debug] [2017-09-11T16:13:55.561Z] Error: ENOTDIR: not a directory, open '/Users/peach/devmountain/personalProjects/plants/index.html/index.html'
    at Error (native)
    at Object.fs.openSync (fs.js:642:18)
    at Object.fs.writeFileSync (fs.js:1348:33)
    at Object.createFileSync (/usr/local/lib/node_modules/firebase-tools/node_modules/fs-extra/lib/ensure/file.js:34:6)
    at Config.writeProjectFile (/usr/local/lib/node_modules/firebase-tools/lib/config.js:183:6)
    at /usr/local/lib/node_modules/firebase-tools/lib/config.js:203:12
    at tryCatch (/usr/local/lib/node_modules/firebase-tools/node_modules/rsvp/dist/rsvp.js:525:12)
    at invokeCallback (/usr/local/lib/node_modules/firebase-tools/node_modules/rsvp/dist/rsvp.js:538:13)
    at /usr/local/lib/node_modules/firebase-tools/node_modules/rsvp/dist/rsvp.js:606:14
    at flush (/usr/local/lib/node_modules/firebase-tools/node_modules/rsvp/dist/rsvp.js:2415:5)
[error] 
[error] Error: An unexpected error has occurred.
