[debug] [2017-09-14T23:25:33.467Z] ----------------------------------------------------------------------
[debug] [2017-09-14T23:25:33.470Z] Command:       /usr/local/bin/node /usr/local/bin/firebase init
[debug] [2017-09-14T23:25:33.470Z] CLI Version:   3.10.1
[debug] [2017-09-14T23:25:33.470Z] Platform:      darwin
[debug] [2017-09-14T23:25:33.470Z] Node Version:  v6.11.3
[debug] [2017-09-14T23:25:33.471Z] Time:          Thu Sep 14 2017 18:25:33 GMT-0500 (CDT)
[debug] [2017-09-14T23:25:33.471Z] ----------------------------------------------------------------------
[debug] 
[debug] [2017-09-14T23:25:33.486Z] > command requires scopes: ["email","openid","https://www.googleapis.com/auth/cloudplatformprojects.readonly","https://www.googleapis.com/auth/firebase"]
[debug] [2017-09-14T23:25:33.486Z] > authorizing via signed-in user
[info] 
     🔥🔥🔥🔥🔥🔥🔥🔥 🔥🔥🔥🔥 🔥🔥🔥🔥🔥🔥🔥🔥  🔥🔥🔥🔥🔥🔥🔥🔥 🔥🔥🔥🔥🔥🔥🔥🔥     🔥🔥🔥     🔥🔥🔥🔥🔥🔥  🔥🔥🔥🔥🔥🔥🔥🔥
     🔥🔥        🔥🔥  🔥🔥     🔥🔥 🔥🔥       🔥🔥     🔥🔥  🔥🔥   🔥🔥  🔥🔥       🔥🔥
     🔥🔥🔥🔥🔥🔥    🔥🔥  🔥🔥🔥🔥🔥🔥🔥🔥  🔥🔥🔥🔥🔥🔥   🔥🔥🔥🔥🔥🔥🔥🔥  🔥🔥🔥🔥🔥🔥🔥🔥🔥  🔥🔥🔥🔥🔥🔥  🔥🔥🔥🔥🔥🔥
     🔥🔥        🔥🔥  🔥🔥    🔥🔥  🔥🔥       🔥🔥     🔥🔥 🔥🔥     🔥🔥       🔥🔥 🔥🔥
     🔥🔥       🔥🔥🔥🔥 🔥🔥     🔥🔥 🔥🔥🔥🔥🔥🔥🔥🔥 🔥🔥🔥🔥🔥🔥🔥🔥  🔥🔥     🔥🔥  🔥🔥🔥🔥🔥🔥  🔥🔥🔥🔥🔥🔥🔥🔥

You're about to initialize a Firebase project in this directory:

  /Users/peach/devmountain/personalProjects/plants

Before we get started, keep in mind:

  * You are initializing in an existing Firebase project directory

[info] 
=== Project Setup
[info] 
[info] First, let's associate this project directory with a Firebase project.
[info] You can create multiple project aliases by running firebase use --add, 
[info] but for now we'll just set up a default project.
[info] 
[debug] [2017-09-14T23:25:37.084Z] > refreshing access token with scopes: ["email","https://www.googleapis.com/auth/cloudplatformprojects.readonly","https://www.googleapis.com/auth/firebase","openid"]
[debug] [2017-09-14T23:25:37.084Z] >>> HTTP REQUEST POST https://www.googleapis.com/oauth2/v3/token { refresh_token: '1/HsuJJIf39gPkkLKtkjpBwjLi7EfPBPx7JrpW9xjVzlM',
  client_id: '563584335869-fgrhgmd47bqnekij5i8b5pr03ho849e6.apps.googleusercontent.com',
  client_secret: 'j9iVZfS8kkCEFUPaAeJV0sAi',
  grant_type: 'refresh_token',
  scope: 'email https://www.googleapis.com/auth/cloudplatformprojects.readonly https://www.googleapis.com/auth/firebase openid' } 
 Thu Sep 14 2017 18:25:37 GMT-0500 (CDT)
[debug] [2017-09-14T23:25:37.225Z] <<< HTTP RESPONSE 200
[debug] [2017-09-14T23:25:37.231Z] >>> HTTP REQUEST GET https://admin.firebase.com/v1/projects  
 Thu Sep 14 2017 18:25:37 GMT-0500 (CDT)
[debug] [2017-09-14T23:25:37.559Z] <<< HTTP RESPONSE 200
[info] i  .firebaserc already has a default project, skipping
[info] 
=== Hosting Setup
[info] 
[info] Your public directory is the folder (relative to your project directory) that
[info] will contain Hosting assets to be uploaded with firebase deploy. If you
[info] have a build process for your assets, use your build's output directory.
[info] 
[debug] [2017-09-14T23:25:47.861Z] >>> HTTP REQUEST GET https://www.gstatic.com/firebasejs/releases.json  
 Thu Sep 14 2017 18:25:47 GMT-0500 (CDT)
[debug] [2017-09-14T23:25:47.929Z] <<< HTTP RESPONSE 200
[debug] [2017-09-14T23:25:48.002Z] Error: ENOTDIR: not a directory, open '/Users/peach/devmountain/personalProjects/plants/index.html/index.html'
    at Error (native)
    at Object.fs.openSync (fs.js:642:18)
    at Object.fs.writeFileSync (fs.js:1348:33)
    at Object.createFileSync (/usr/local/lib/node_modules/firebase-tools/node_modules/fs-extra/lib/ensure/file.js:34:6)
    at Config.writeProjectFile (/usr/local/lib/node_modules/firebase-tools/lib/config.js:183:6)
    at /usr/local/lib/node_modules/firebase-tools/lib/config.js:203:12
    at tryCatch (/usr/local/lib/node_modules/firebase-tools/node_modules/rsvp/dist/rsvp.js:525:12)
    at invokeCallback (/usr/local/lib/node_modules/firebase-tools/node_modules/rsvp/dist/rsvp.js:538:13)
    at /usr/local/lib/node_modules/firebase-tools/node_modules/rsvp/dist/rsvp.js:606:14
    at flush (/usr/local/lib/node_modules/firebase-tools/node_modules/rsvp/dist/rsvp.js:2415:5)
[error] 
[error] Error: An unexpected error has occurred.
[debug] [2017-09-14T23:25:54.550Z] ----------------------------------------------------------------------
[debug] [2017-09-14T23:25:54.553Z] Command:       /usr/local/bin/node /usr/local/bin/firebase init
[debug] [2017-09-14T23:25:54.554Z] CLI Version:   3.10.1
[debug] [2017-09-14T23:25:54.554Z] Platform:      darwin
[debug] [2017-09-14T23:25:54.554Z] Node Version:  v6.11.3
[debug] [2017-09-14T23:25:54.554Z] Time:          Thu Sep 14 2017 18:25:54 GMT-0500 (CDT)
[debug] [2017-09-14T23:25:54.554Z] ----------------------------------------------------------------------
[debug] 
[debug] [2017-09-14T23:25:54.567Z] > command requires scopes: ["email","openid","https://www.googleapis.com/auth/cloudplatformprojects.readonly","https://www.googleapis.com/auth/firebase"]
[debug] [2017-09-14T23:25:54.568Z] > authorizing via signed-in user
[info] 
     🔥🔥🔥🔥🔥🔥🔥🔥 🔥🔥🔥🔥 🔥🔥🔥🔥🔥🔥🔥🔥  🔥🔥🔥🔥🔥🔥🔥🔥 🔥🔥🔥🔥🔥🔥🔥🔥     🔥🔥🔥     🔥🔥🔥🔥🔥🔥  🔥🔥🔥🔥🔥🔥🔥🔥
     🔥🔥        🔥🔥  🔥🔥     🔥🔥 🔥🔥       🔥🔥     🔥🔥  🔥🔥   🔥🔥  🔥🔥       🔥🔥
     🔥🔥🔥🔥🔥🔥    🔥🔥  🔥🔥🔥🔥🔥🔥🔥🔥  🔥🔥🔥🔥🔥🔥   🔥🔥🔥🔥🔥🔥🔥🔥  🔥🔥🔥🔥🔥🔥🔥🔥🔥  🔥🔥🔥🔥🔥🔥  🔥🔥🔥🔥🔥🔥
     🔥🔥        🔥🔥  🔥🔥    🔥🔥  🔥🔥       🔥🔥     🔥🔥 🔥🔥     🔥🔥       🔥🔥 🔥🔥
     🔥🔥       🔥🔥🔥🔥 🔥🔥     🔥🔥 🔥🔥🔥🔥🔥🔥🔥🔥 🔥🔥🔥🔥🔥🔥🔥🔥  🔥🔥     🔥🔥  🔥🔥🔥🔥🔥🔥  🔥🔥🔥🔥🔥🔥🔥🔥

You're about to initialize a Firebase project in this directory:

  /Users/peach/devmountain/personalProjects/plants

Before we get started, keep in mind:

  * You are initializing in an existing Firebase project directory

[info] 
=== Project Setup
[info] 
[info] First, let's associate this project directory with a Firebase project.
[info] You can create multiple project aliases by running firebase use --add, 
[info] but for now we'll just set up a default project.
[info] 
[debug] [2017-09-14T23:25:57.004Z] >>> HTTP REQUEST GET https://admin.firebase.com/v1/projects  
 Thu Sep 14 2017 18:25:57 GMT-0500 (CDT)
[debug] [2017-09-14T23:25:57.492Z] <<< HTTP RESPONSE 200
[info] i  .firebaserc already has a default project, skipping
[info] 
=== Hosting Setup
[info] 
[info] Your public directory is the folder (relative to your project directory) that
[info] will contain Hosting assets to be uploaded with firebase deploy. If you
[info] have a build process for your assets, use your build's output directory.
[info] 
[debug] [2017-09-14T23:26:01.317Z] >>> HTTP REQUEST GET https://www.gstatic.com/firebasejs/releases.json  
 Thu Sep 14 2017 18:26:01 GMT-0500 (CDT)
[debug] [2017-09-14T23:26:01.374Z] <<< HTTP RESPONSE 200
